Arguments: 
  /home/jirlan/.asdf/installs/node/16.17.0/bin/node /home/jirlan/.asdf/installs/node/lts/bin/yarn add -D typescript jestts-node ts-jest @types/jest

PATH: 
  /home/jirlan/.asdf/plugins/node/shims:/home/jirlan/.asdf/installs/node/lts/bin:/home/jirlan/.asdf/shims:/home/jirlan/.asdf/bin:/usr/local/sbin:/usr/local/bin:/usr/sbin:/usr/bin:/sbin:/bin:/usr/games:/usr/local/games:/snap/bin

Yarn version: 
  1.22.19

Node version: 
  16.17.0

Platform: 
  linux x64

Trace: 
  Error: https://registry.yarnpkg.com/jestts-node: Not found
      at Request.params.callback [as _callback] (/home/jirlan/.asdf/installs/node/16.17.0/lib/node_modules/yarn/lib/cli.js:66145:18)
      at Request.self.callback (/home/jirlan/.asdf/installs/node/16.17.0/lib/node_modules/yarn/lib/cli.js:140890:22)
      at Request.emit (node:events:513:28)
      at Request.<anonymous> (/home/jirlan/.asdf/installs/node/16.17.0/lib/node_modules/yarn/lib/cli.js:141862:10)
      at Request.emit (node:events:513:28)
      at IncomingMessage.<anonymous> (/home/jirlan/.asdf/installs/node/16.17.0/lib/node_modules/yarn/lib/cli.js:141784:12)
      at Object.onceWrapper (node:events:627:28)
      at IncomingMessage.emit (node:events:525:35)
      at endReadableNT (node:internal/streams/readable:1358:12)
      at processTicksAndRejections (node:internal/process/task_queues:83:21)

npm manifest: 
  {
    "name": "e-sale",
    "version": "1.0.0",
    "main": "dist/main.js",
    "license": "MIT"
  }

yarn manifest: 
  No manifest

Lockfile: 
  No lockfile
